#
# A fatal error has been detected by the Java Runtime Environment:
#
#  SIGSEGV (0xb) at pc=0x000000011068a6a0, pid=24458, tid=0x0000000000000307
#
# JRE version: Java(TM) SE Runtime Environment (8.0_152-b16) (build 1.8.0_152-b16)
# Java VM: Java HotSpot(TM) 64-Bit Server VM (25.152-b16 mixed mode bsd-amd64 compressed oops)
# Problematic frame:
# V  [libjvm.dylib+0x48a6a0]  SR_handler(int, __siginfo*, __darwin_ucontext*)+0x2e
#
# Failed to write core dump. Core dumps have been disabled. To enable core dumping, try "ulimit -c unlimited" before starting Java again
#
# If you would like to submit a bug report, please visit:
#   http://bugreport.java.com/bugreport/crash.jsp
#

---------------  T H R E A D  ---------------

Current thread is native thread

siginfo: si_signo: 11 (SIGSEGV), si_code: 1 (SEGV_MAPERR), si_addr: 0x0000000000000128

Registers:
RAX=0x0000000000000000, RBX=0x00007ffee0afa200, RCX=0x00007fffac34a388, RDX=0x00007ffee0afa200
RSP=0x00007ffee0af9d30, RBP=0x00007ffee0af9d60, RSI=0x00007ffee0afa198, RDI=0x0000000000000109
R8 =0x00007ffee0afa200, R9 =0x00000000ffffffff, R10=0x0000000000000c00, R11=0x0000000000000206
R12=0x0000000000000c00, R13=0x0000000007000806, R14=0x00007ffee0afa198, R15=0x0000000000000002
RIP=0x000000011068a6a0, EFLAGS=0x0000000000010206, ERR=0x0000000000000004
  TRAPNO=0x000000000000000e

Top of Stack: (sp=0x00007ffee0af9d30)
0x00007ffee0af9d30:   000000005a21afdd 00007ffee0afa200
0x00007ffee0af9d40:   0000000000000c00 0000000007000806
0x00007ffee0af9d50:   00007ffee0afa470 00000000ffffffff
0x00007ffee0af9d60:   00007ffee0af9d70 00007fff734b2f5a
0x00007ffee0af9d70:   00007ffee0afa310 00007fff726355b1
0x00007ffee0af9d80:   00007fffa5d65300 0000000000000000
0x00007ffee0af9d90:   0100001f00000085 00007fffa5d603c0
0x00007ffee0af9da0:   0000000010004005 0000000007000806
0x00007ffee0af9db0:   00007ffee0afa2b8 0000000000000000
0x00007ffee0af9dc0:   00007ffee0afa470 0000000007000806
0x00007ffee0af9dd0:   00007ffee0afa310 00007ffee0afa2b8
0x00007ffee0af9de0:   0000000000001303 00000000ffffffff
0x00007ffee0af9df0:   0000000000000c00 0000000000000206
0x00007ffee0af9e00:   0000000000000c00 0000000007000806
0x00007ffee0af9e10:   00007ffee0afa470 00000000ffffffff
0x00007ffee0af9e20:   00007fff733777c2 0000000000000206
0x00007ffee0af9e30:   0000000000000007 0000000000000000
0x00007ffee0af9e40:   0000000000000000 0000000000000000
0x00007ffee0af9e50:   000000000000037f 0000000000000000
0x00007ffee0af9e60:   0000000000000000 0000ffff00001fa1
0x00007ffee0af9e70:   000000000002cd37 000000000000ffff
0x00007ffee0af9e80:   0001ffffed351bef 000000000000ffff
0x00007ffee0af9e90:   000000000001ffff 000000000000ffff
0x00007ffee0af9ea0:   0000000000000000 0000000000000000
0x00007ffee0af9eb0:   0000000000000000 0000000000000000
0x00007ffee0af9ec0:   00000000ff73ff94 000000000000ffff
0x00007ffee0af9ed0:   00000000018a64f8 000000000000ffff
0x00007ffee0af9ee0:   00000000ff700000 000000000000ffff
0x00007ffee0af9ef0:   41bff443241b867f 0000000000000000
0x00007ffee0af9f00:   3fbb867f0aa21a71 0000000000000000
0x00007ffee0af9f10:   4415af1d78b58c40 0000000000000000
0x00007ffee0af9f20:   c3e0000000000000 0000000000000000 

Instructions: (pc=0x000000011068a6a0)
0x000000011068a680:   83 ec 08 48 89 d3 49 89 f6 e8 84 3c 14 00 44 8b
0x000000011068a690:   38 48 8d 05 78 0b 3b 00 48 63 38 e8 54 3f 14 00
0x000000011068a6a0:   4c 8b a0 28 01 00 00 41 83 7c 24 34 01 0f 85 e2
0x000000011068a6b0:   00 00 00 49 89 5c 24 40 4d 89 74 24 38 49 8d 5c 

Register to memory mapping:

RAX=0x0000000000000000 is an unknown value
RBX=0x00007ffee0afa200 is an unknown value
RCX=0x00007fffac34a388: _thread+0x48 in /usr/lib/system/libsystem_pthread.dylib at 0x00007fff734b9000
RDX=0x00007ffee0afa200 is an unknown value
RSP=0x00007ffee0af9d30 is an unknown value
RBP=0x00007ffee0af9d60 is an unknown value
RSI=0x00007ffee0afa198 is an unknown value
RDI=0x0000000000000109 is an unknown value
R8 =0x00007ffee0afa200 is an unknown value
R9 =0x00000000ffffffff is an unknown value
R10=0x0000000000000c00 is an unknown value
R11=0x0000000000000206 is an unknown value
R12=0x0000000000000c00 is an unknown value
R13=0x0000000007000806 is an unknown value
R14=0x00007ffee0afa198 is an unknown value
R15=0x0000000000000002 is an unknown value


Stack: [0x00007ffee02fd000,0x00007ffee0afd000],  sp=0x00007ffee0af9d30,  free space=8179k
Native frames: (J=compiled Java code, j=interpreted, Vv=VM code, C=native code)
V  [libjvm.dylib+0x48a6a0]  SR_handler(int, __siginfo*, __darwin_ucontext*)+0x2e
C  [libsystem_platform.dylib+0x1f5a]  _sigtramp+0x1a
C  [libobjc.A.dylib+0x85b1]  _objc_fetch_pthread_data+0x22
C  [CoreFoundation+0x86355]  __CFRunLoopServiceMachPort+0x155
C  [CoreFoundation+0x856a7]  __CFRunLoopRun+0x6f7
C  [CoreFoundation+0x84d23]  CFRunLoopRunSpecific+0x1e3
C  [java+0x647a]  CreateExecutionEnvironment+0x367
C  [java+0x212c]  JLI_Launch+0x7a0
C  [java+0x84d7]  main+0x65
C  [java+0x1984]  start+0x34


---------------  P R O C E S S  ---------------

VM state:not at safepoint (normal execution)

VM Mutex/Monitor currently owned by a thread: None

Heap:
 PSYoungGen      total 76288K, used 39602K [0x000000076ab00000, 0x0000000770000000, 0x00000007c0000000)
  eden space 65536K, 60% used [0x000000076ab00000,0x000000076d1ac8e8,0x000000076eb00000)
  from space 10752K, 0% used [0x000000076f580000,0x000000076f580000,0x0000000770000000)
  to   space 10752K, 0% used [0x000000076eb00000,0x000000076eb00000,0x000000076f580000)
 ParOldGen       total 175104K, used 0K [0x00000006c0000000, 0x00000006cab00000, 0x000000076ab00000)
  object space 175104K, 0% used [0x00000006c0000000,0x00000006c0000000,0x00000006cab00000)
 Metaspace       used 13602K, capacity 13846K, committed 14208K, reserved 1062912K
  class space    used 1486K, capacity 1577K, committed 1664K, reserved 1048576K

Card table byte_map: [0x000000011157d000,0x0000000111d7e000] byte_map_base: 0x000000010df7d000

Marking Bits: (ParMarkBitMap*) 0x0000000110af66c0
 Begin Bits: [0x00000001122d4000, 0x00000001162d4000)
 End Bits:   [0x00000001162d4000, 0x000000011a2d4000)

Polling page: 0x000000010f1ba000

CodeCache: size=245760Kb used=4079Kb max_used=4079Kb free=241681Kb
 bounds [0x000000011aae4000, 0x000000011aee4000, 0x0000000129ae4000]
 total_blobs=1504 nmethods=1129 adapters=289
 compilation: enabled

Compilation events (10 events):
Event: 1.903 Thread 0x00007fd40683f800 1111       1       java.lang.reflect.Field::getModifiers (5 bytes)
Event: 1.903 Thread 0x00007fd40683f800 nmethod 1111 0x000000011aecf350 code [0x000000011aecf4a0, 0x000000011aecf5b0]
Event: 1.904 Thread 0x00007fd40683f800 1112       3       java.util.ArrayList$Itr::<init> (26 bytes)
Event: 1.904 Thread 0x00007fd40683f800 nmethod 1112 0x000000011aecef10 code [0x000000011aecf080, 0x000000011aecf270]
Event: 1.904 Thread 0x00007fd40683f800 1113       3       java.util.ArrayList::iterator (9 bytes)
Event: 1.905 Thread 0x00007fd40683f800 nmethod 1113 0x000000011aecea10 code [0x000000011aeceb80, 0x000000011aecee10]
Event: 1.906 Thread 0x00007fd40683f800 1114       1       sun.nio.cs.UTF_8::historicalName (3 bytes)
Event: 1.906 Thread 0x00007fd40683f800 nmethod 1114 0x000000011aece750 code [0x000000011aece8a0, 0x000000011aece9b0]
Event: 1.906 Thread 0x00007fd40683f800 1115       1       com.fasterxml.jackson.databind.JavaType::getRawClass (5 bytes)
Event: 1.907 Thread 0x00007fd40683f800 nmethod 1115 0x000000011aece490 code [0x000000011aece5e0, 0x000000011aece6f0]

GC Heap History (0 events):
No events

Deoptimization events (10 events):
Event: 0.512 Thread 0x00007fd406802000 Uncommon trap: reason=unstable_if action=reinterpret pc=0x000000011ac5825c method=java.lang.CharacterDataLatin1.digit(II)I @ 82
Event: 0.684 Thread 0x00007fd406802000 Uncommon trap: reason=unstable_if action=reinterpret pc=0x000000011ad6c53c method=java.util.Arrays.equals([B[B)Z @ 41
Event: 0.847 Thread 0x00007fd406802000 Uncommon trap: reason=class_check action=maybe_recompile pc=0x000000011ac873d8 method=java.util.regex.Pattern$Curly.match(Ljava/util/regex/Matcher;ILjava/lang/CharSequence;)Z @ 19
Event: 1.264 Thread 0x00007fd406802000 Uncommon trap: reason=class_check action=maybe_recompile pc=0x000000011ac873d8 method=java.util.regex.Pattern$Curly.match(Ljava/util/regex/Matcher;ILjava/lang/CharSequence;)Z @ 19
Event: 1.264 Thread 0x00007fd406802000 Uncommon trap: reason=class_check action=maybe_recompile pc=0x000000011ac873d8 method=java.util.regex.Pattern$Curly.match(Ljava/util/regex/Matcher;ILjava/lang/CharSequence;)Z @ 19
Event: 1.596 Thread 0x00007fd406802000 Uncommon trap: reason=class_check action=maybe_recompile pc=0x000000011ac873d8 method=java.util.regex.Pattern$Curly.match(Ljava/util/regex/Matcher;ILjava/lang/CharSequence;)Z @ 19
Event: 1.646 Thread 0x00007fd406802000 Uncommon trap: reason=unstable_if action=reinterpret pc=0x000000011adf945c method=java.util.HashMap.getNode(ILjava/lang/Object;)Ljava/util/HashMap$Node; @ 62
Event: 1.646 Thread 0x00007fd406802000 Uncommon trap: reason=unstable_if action=reinterpret pc=0x000000011ad7c7f0 method=java.util.HashMap.putVal(ILjava/lang/Object;Ljava/lang/Object;ZZ)Ljava/lang/Object; @ 94
Event: 1.646 Thread 0x00007fd406802000 Uncommon trap: reason=unstable_if action=reinterpret pc=0x000000011ad710fc method=java.util.HashMap.getNode(ILjava/lang/Object;)Ljava/util/HashMap$Node; @ 62
Event: 1.827 Thread 0x00007fd406802000 Uncommon trap: reason=unstable_if action=reinterpret pc=0x000000011aebb254 method=java.lang.String.lastIndexOf([CII[CIII)I @ 66

Classes redefined (0 events):
No events

Internal exceptions (10 events):
Event: 1.673 Thread 0x00007fd406802000 Exception <a 'java/security/PrivilegedActionException'> (0x000000076c7ac0d8) thrown at [/Users/java_re/workspace/8-2-build-macosx-x86_64/jdk8u152/9742/hotspot/src/share/vm/prims/jvm.cpp, line 1390]
Event: 1.857 Thread 0x00007fd406802000 Exception <a 'java/lang/ArrayIndexOutOfBoundsException'> (0x000000076ce06460) thrown at [/Users/java_re/workspace/8-2-build-macosx-x86_64/jdk8u152/9742/hotspot/src/share/vm/runtime/sharedRuntime.cpp, line 605]
Event: 1.857 Thread 0x00007fd406802000 Exception <a 'java/lang/ArrayIndexOutOfBoundsException'> (0x000000076ce07608) thrown at [/Users/java_re/workspace/8-2-build-macosx-x86_64/jdk8u152/9742/hotspot/src/share/vm/runtime/sharedRuntime.cpp, line 605]
Event: 1.857 Thread 0x00007fd406802000 Exception <a 'java/lang/ArrayIndexOutOfBoundsException'> (0x000000076ce0c508) thrown at [/Users/java_re/workspace/8-2-build-macosx-x86_64/jdk8u152/9742/hotspot/src/share/vm/runtime/sharedRuntime.cpp, line 605]
Event: 1.857 Thread 0x00007fd406802000 Exception <a 'java/lang/ArrayIndexOutOfBoundsException'> (0x000000076ce0d188) thrown at [/Users/java_re/workspace/8-2-build-macosx-x86_64/jdk8u152/9742/hotspot/src/share/vm/runtime/sharedRuntime.cpp, line 605]
Event: 1.857 Thread 0x00007fd406802000 Exception <a 'java/lang/ArrayIndexOutOfBoundsException'> (0x000000076ce0ecb8) thrown at [/Users/java_re/workspace/8-2-build-macosx-x86_64/jdk8u152/9742/hotspot/src/share/vm/runtime/sharedRuntime.cpp, line 605]
Event: 1.857 Thread 0x00007fd406802000 Exception <a 'java/lang/ArrayIndexOutOfBoundsException'> (0x000000076ce0fcd8) thrown at [/Users/java_re/workspace/8-2-build-macosx-x86_64/jdk8u152/9742/hotspot/src/share/vm/runtime/sharedRuntime.cpp, line 605]
Event: 1.858 Thread 0x00007fd406802000 Exception <a 'java/lang/ArrayIndexOutOfBoundsException'> (0x000000076ce11a18) thrown at [/Users/java_re/workspace/8-2-build-macosx-x86_64/jdk8u152/9742/hotspot/src/share/vm/runtime/sharedRuntime.cpp, line 605]
Event: 1.858 Thread 0x00007fd406802000 Exception <a 'java/lang/ArrayIndexOutOfBoundsException'> (0x000000076ce13110) thrown at [/Users/java_re/workspace/8-2-build-macosx-x86_64/jdk8u152/9742/hotspot/src/share/vm/runtime/sharedRuntime.cpp, line 605]
Event: 1.904 Thread 0x00007fd406802000 Exception <a 'java/lang/ArrayIndexOutOfBoundsException'> (0x000000076ceb1878) thrown at [/Users/java_re/workspace/8-2-build-macosx-x86_64/jdk8u152/9742/hotspot/src/share/vm/runtime/sharedRuntime.cpp, line 605]

Events (10 events):
Event: 1.904 loading class java/lang/Package$1
Event: 1.904 loading class java/lang/Package$1 done
Event: 1.905 loading class java/util/jar/JarInputStream
Event: 1.905 loading class java/util/zip/ZipInputStream
Event: 1.905 loading class java/util/zip/ZipInputStream done
Event: 1.905 loading class java/util/jar/JarInputStream done
Event: 1.905 loading class java/io/PushbackInputStream
Event: 1.905 loading class java/io/PushbackInputStream done
Event: 1.905 loading class java/util/zip/ZipUtils
Event: 1.905 loading class java/util/zip/ZipUtils done


Dynamic libraries:
0x0000000023fb6000 	/System/Library/Frameworks/Cocoa.framework/Versions/A/Cocoa
0x0000000023fb6000 	/System/Library/Frameworks/Security.framework/Versions/A/Security
0x0000000023fb6000 	/System/Library/Frameworks/ApplicationServices.framework/Versions/A/ApplicationServices
0x0000000023fb6000 	/usr/lib/libz.1.dylib
0x0000000023fb6000 	/usr/lib/libSystem.B.dylib
0x0000000023fb6000 	/usr/lib/libobjc.A.dylib
0x0000000023fb6000 	/System/Library/Frameworks/CoreFoundation.framework/Versions/A/CoreFoundation
0x0000000023fb6000 	/System/Library/Frameworks/Foundation.framework/Versions/C/Foundation
0x0000000023fb6000 	/System/Library/Frameworks/AppKit.framework/Versions/C/AppKit
0x0000000023fb6000 	/System/Library/Frameworks/CoreData.framework/Versions/A/CoreData
0x0000000023fb6000 	/System/Library/PrivateFrameworks/RemoteViewServices.framework/Versions/A/RemoteViewServices
0x0000000023fb6000 	/System/Library/PrivateFrameworks/UIFoundation.framework/Versions/A/UIFoundation
0x0000000023fb6000 	/System/Library/PrivateFrameworks/DFRFoundation.framework/Versions/A/DFRFoundation
0x0000000023fb6000 	/System/Library/Frameworks/Metal.framework/Versions/A/Metal
0x0000000023fb6000 	/System/Library/PrivateFrameworks/DesktopServicesPriv.framework/Versions/A/DesktopServicesPriv
0x0000000023fb6000 	/usr/lib/libenergytrace.dylib
0x0000000023fb6000 	/System/Library/PrivateFrameworks/SkyLight.framework/Versions/A/SkyLight
0x0000000023fb6000 	/System/Library/Frameworks/CoreGraphics.framework/Versions/A/CoreGraphics
0x0000000023fb6000 	/usr/lib/libScreenReader.dylib
0x0000000023fb6000 	/System/Library/Frameworks/Accelerate.framework/Versions/A/Accelerate
0x0000000023fb6000 	/System/Library/Frameworks/IOSurface.framework/Versions/A/IOSurface
0x0000000023fb6000 	/System/Library/Frameworks/AudioToolbox.framework/Versions/A/AudioToolbox
0x0000000023fb6000 	/System/Library/Frameworks/AudioUnit.framework/Versions/A/AudioUnit
0x0000000023fb6000 	/System/Library/PrivateFrameworks/DataDetectorsCore.framework/Versions/A/DataDetectorsCore
0x0000000023fb6000 	/System/Library/Frameworks/Carbon.framework/Versions/A/Frameworks/HIToolbox.framework/Versions/A/HIToolbox
0x0000000023fb6000 	/usr/lib/libicucore.A.dylib
0x0000000023fb6000 	/System/Library/Frameworks/QuartzCore.framework/Versions/A/QuartzCore
0x0000000023fb6000 	/System/Library/Frameworks/Carbon.framework/Versions/A/Frameworks/SpeechRecognition.framework/Versions/A/SpeechRecognition
0x0000000023fb6000 	/usr/lib/libauto.dylib
0x0000000023fb6000 	/usr/lib/libxml2.2.dylib
0x0000000023fb6000 	/System/Library/PrivateFrameworks/CoreUI.framework/Versions/A/CoreUI
0x0000000023fb6000 	/System/Library/Frameworks/CoreAudio.framework/Versions/A/CoreAudio
0x0000000023fb6000 	/System/Library/Frameworks/DiskArbitration.framework/Versions/A/DiskArbitration
0x0000000023fb6000 	/usr/lib/liblangid.dylib
0x0000000023fb6000 	/System/Library/PrivateFrameworks/MultitouchSupport.framework/Versions/A/MultitouchSupport
0x0000000023fb6000 	/System/Library/Frameworks/IOKit.framework/Versions/A/IOKit
0x0000000023fb6000 	/usr/lib/libDiagnosticMessagesClient.dylib
0x0000000023fb6000 	/System/Library/Frameworks/CoreServices.framework/Versions/A/CoreServices
0x0000000023fb6000 	/System/Library/PrivateFrameworks/PerformanceAnalysis.framework/Versions/A/PerformanceAnalysis
0x0000000023fb6000 	/System/Library/Frameworks/OpenGL.framework/Versions/A/OpenGL
0x0000000023fb6000 	/System/Library/Frameworks/ColorSync.framework/Versions/A/ColorSync
0x0000000023fb6000 	/System/Library/Frameworks/CoreImage.framework/Versions/A/CoreImage
0x0000000023fb6000 	/System/Library/Frameworks/CoreText.framework/Versions/A/CoreText
0x0000000023fb6000 	/System/Library/Frameworks/ImageIO.framework/Versions/A/ImageIO
0x0000000023fb6000 	/System/Library/PrivateFrameworks/Backup.framework/Versions/A/Backup
0x0000000023fb6000 	/usr/lib/libarchive.2.dylib
0x0000000023fb6000 	/System/Library/Frameworks/CFNetwork.framework/Versions/A/CFNetwork
0x0000000023fb6000 	/System/Library/Frameworks/SystemConfiguration.framework/Versions/A/SystemConfiguration
0x0000000023fb6000 	/usr/lib/libCRFSuite.dylib
0x0000000023fb6000 	/usr/lib/libc++.1.dylib
0x0000000023fb6000 	/usr/lib/libc++abi.dylib
0x0000000023fb6000 	/usr/lib/system/libcache.dylib
0x0000000023fb6000 	/usr/lib/system/libcommonCrypto.dylib
0x0000000023fb6000 	/usr/lib/system/libcompiler_rt.dylib
0x0000000023fb6000 	/usr/lib/system/libcopyfile.dylib
0x0000000023fb6000 	/usr/lib/system/libcorecrypto.dylib
0x0000000023fb6000 	/usr/lib/system/libdispatch.dylib
0x0000000023fb6000 	/usr/lib/system/libdyld.dylib
0x0000000023fb6000 	/usr/lib/system/libkeymgr.dylib
0x0000000023fb6000 	/usr/lib/system/liblaunch.dylib
0x0000000023fb6000 	/usr/lib/system/libmacho.dylib
0x0000000023fb6000 	/usr/lib/system/libquarantine.dylib
0x0000000023fb6000 	/usr/lib/system/libremovefile.dylib
0x0000000023fb6000 	/usr/lib/system/libsystem_asl.dylib
0x0000000023fb6000 	/usr/lib/system/libsystem_blocks.dylib
0x0000000023fb6000 	/usr/lib/system/libsystem_c.dylib
0x0000000023fb6000 	/usr/lib/system/libsystem_configuration.dylib
0x0000000023fb6000 	/usr/lib/system/libsystem_coreservices.dylib
0x0000000023fb6000 	/usr/lib/system/libsystem_darwin.dylib
0x0000000023fb6000 	/usr/lib/system/libsystem_dnssd.dylib
0x0000000023fb6000 	/usr/lib/system/libsystem_info.dylib
0x0000000023fb6000 	/usr/lib/system/libsystem_m.dylib
0x0000000023fb6000 	/usr/lib/system/libsystem_malloc.dylib
0x0000000023fb6000 	/usr/lib/system/libsystem_network.dylib
0x0000000023fb6000 	/usr/lib/system/libsystem_networkextension.dylib
0x0000000023fb6000 	/usr/lib/system/libsystem_notify.dylib
0x0000000023fb6000 	/usr/lib/system/libsystem_sandbox.dylib
0x0000000023fb6000 	/usr/lib/system/libsystem_secinit.dylib
0x0000000023fb6000 	/usr/lib/system/libsystem_kernel.dylib
0x0000000023fb6000 	/usr/lib/system/libsystem_platform.dylib
0x0000000023fb6000 	/usr/lib/system/libsystem_pthread.dylib
0x0000000023fb6000 	/usr/lib/system/libsystem_symptoms.dylib
0x0000000023fb6000 	/usr/lib/system/libsystem_trace.dylib
0x0000000023fb6000 	/usr/lib/system/libunwind.dylib
0x0000000023fb6000 	/usr/lib/system/libxpc.dylib
0x0000000023fb6000 	/usr/lib/closure/libclosured.dylib
0x0000000023fb6000 	/usr/lib/libbsm.0.dylib
0x0000000023fb6000 	/usr/lib/system/libkxld.dylib
0x0000000023fb6000 	/usr/lib/libOpenScriptingUtil.dylib
0x0000000023fb6000 	/usr/lib/libcoretls.dylib
0x0000000023fb6000 	/usr/lib/libcoretls_cfhelpers.dylib
0x0000000023fb6000 	/usr/lib/libpam.2.dylib
0x0000000023fb6000 	/usr/lib/libsqlite3.dylib
0x0000000023fb6000 	/usr/lib/libxar.1.dylib
0x0000000023fb6000 	/usr/lib/libbz2.1.0.dylib
0x0000000023fb6000 	/usr/lib/liblzma.5.dylib
0x0000000023fb6000 	/usr/lib/libnetwork.dylib
0x0000000023fb6000 	/usr/lib/libapple_nghttp2.dylib
0x0000000023fb6000 	/usr/lib/libpcap.A.dylib
0x0000000023fb6000 	/usr/lib/libboringssl.dylib
0x0000000023fb6000 	/usr/lib/libusrtcp.dylib
0x0000000023fb6000 	/usr/lib/libapple_crypto.dylib
0x0000000023fb6000 	/System/Library/Frameworks/CoreServices.framework/Versions/A/Frameworks/FSEvents.framework/Versions/A/FSEvents
0x0000000023fb6000 	/System/Library/Frameworks/CoreServices.framework/Versions/A/Frameworks/CarbonCore.framework/Versions/A/CarbonCore
0x0000000023fb6000 	/System/Library/Frameworks/CoreServices.framework/Versions/A/Frameworks/Metadata.framework/Versions/A/Metadata
0x0000000023fb6000 	/System/Library/Frameworks/CoreServices.framework/Versions/A/Frameworks/OSServices.framework/Versions/A/OSServices
0x0000000023fb6000 	/System/Library/Frameworks/CoreServices.framework/Versions/A/Frameworks/SearchKit.framework/Versions/A/SearchKit
0x0000000023fb6000 	/System/Library/Frameworks/CoreServices.framework/Versions/A/Frameworks/AE.framework/Versions/A/AE
0x0000000023fb6000 	/System/Library/Frameworks/CoreServices.framework/Versions/A/Frameworks/LaunchServices.framework/Versions/A/LaunchServices
0x0000000023fb6000 	/System/Library/Frameworks/CoreServices.framework/Versions/A/Frameworks/DictionaryServices.framework/Versions/A/DictionaryServices
0x0000000023fb6000 	/System/Library/Frameworks/CoreServices.framework/Versions/A/Frameworks/SharedFileList.framework/Versions/A/SharedFileList
0x0000000023fb6000 	/System/Library/Frameworks/NetFS.framework/Versions/A/NetFS
0x0000000023fb6000 	/System/Library/PrivateFrameworks/NetAuth.framework/Versions/A/NetAuth
0x0000000023fb6000 	/System/Library/PrivateFrameworks/login.framework/Versions/A/Frameworks/loginsupport.framework/Versions/A/loginsupport
0x0000000023fb6000 	/System/Library/PrivateFrameworks/TCC.framework/Versions/A/TCC
0x0000000023fb6000 	/usr/lib/libmecabra.dylib
0x0000000023fb6000 	/System/Library/Frameworks/ApplicationServices.framework/Versions/A/Frameworks/ATS.framework/Versions/A/ATS
0x0000000023fb6000 	/System/Library/Frameworks/ApplicationServices.framework/Versions/A/Frameworks/ColorSyncLegacy.framework/Versions/A/ColorSyncLegacy
0x0000000023fb6000 	/System/Library/Frameworks/ApplicationServices.framework/Versions/A/Frameworks/HIServices.framework/Versions/A/HIServices
0x0000000023fb6000 	/System/Library/Frameworks/ApplicationServices.framework/Versions/A/Frameworks/LangAnalysis.framework/Versions/A/LangAnalysis
0x0000000023fb6000 	/System/Library/Frameworks/ApplicationServices.framework/Versions/A/Frameworks/PrintCore.framework/Versions/A/PrintCore
0x0000000023fb6000 	/System/Library/Frameworks/ApplicationServices.framework/Versions/A/Frameworks/QD.framework/Versions/A/QD
0x0000000023fb6000 	/System/Library/Frameworks/ApplicationServices.framework/Versions/A/Frameworks/SpeechSynthesis.framework/Versions/A/SpeechSynthesis
0x0000000023fb6000 	/System/Library/Frameworks/CoreDisplay.framework/Versions/A/CoreDisplay
0x0000000023fb6000 	/System/Library/Frameworks/Accelerate.framework/Versions/A/Frameworks/vImage.framework/Versions/A/vImage
0x0000000023fb6000 	/System/Library/Frameworks/Accelerate.framework/Versions/A/Frameworks/vecLib.framework/Versions/A/vecLib
0x0000000023fb6000 	/System/Library/Frameworks/Accelerate.framework/Versions/A/Frameworks/vecLib.framework/Versions/A/libvDSP.dylib
0x0000000023fb6000 	/System/Library/Frameworks/Accelerate.framework/Versions/A/Frameworks/vecLib.framework/Versions/A/libBNNS.dylib
0x0000000023fb6000 	/System/Library/Frameworks/Accelerate.framework/Versions/A/Frameworks/vecLib.framework/Versions/A/libQuadrature.dylib
0x0000000023fb6000 	/System/Library/Frameworks/Accelerate.framework/Versions/A/Frameworks/vecLib.framework/Versions/A/libvMisc.dylib
0x0000000023fb6000 	/System/Library/Frameworks/Accelerate.framework/Versions/A/Frameworks/vecLib.framework/Versions/A/libLAPACK.dylib
0x0000000023fb6000 	/System/Library/Frameworks/Accelerate.framework/Versions/A/Frameworks/vecLib.framework/Versions/A/libBLAS.dylib
0x0000000023fb6000 	/System/Library/Frameworks/Accelerate.framework/Versions/A/Frameworks/vecLib.framework/Versions/A/libLinearAlgebra.dylib
0x0000000023fb6000 	/System/Library/Frameworks/Accelerate.framework/Versions/A/Frameworks/vecLib.framework/Versions/A/libSparse.dylib
0x0000000023fb6000 	/System/Library/Frameworks/Accelerate.framework/Versions/A/Frameworks/vecLib.framework/Versions/A/libSparseBLAS.dylib
0x0000000023fb6000 	/System/Library/PrivateFrameworks/IOAccelerator.framework/Versions/A/IOAccelerator
0x0000000023fb6000 	/System/Library/PrivateFrameworks/IOPresentment.framework/Versions/A/IOPresentment
0x0000000023fb6000 	/System/Library/PrivateFrameworks/DSExternalDisplay.framework/Versions/A/DSExternalDisplay
0x0000000023fb6000 	/System/Library/Frameworks/OpenGL.framework/Versions/A/Libraries/libCoreFSCache.dylib
0x0000000023fb6000 	/System/Library/Frameworks/CoreVideo.framework/Versions/A/CoreVideo
0x0000000023fb6000 	/System/Library/PrivateFrameworks/GraphVisualizer.framework/Versions/A/GraphVisualizer
0x0000000023fb6000 	/System/Library/Frameworks/MetalPerformanceShaders.framework/Versions/A/MetalPerformanceShaders
0x0000000023fb6000 	/usr/lib/libFosl_dynamic.dylib
0x0000000023fb6000 	/System/Library/PrivateFrameworks/FaceCore.framework/Versions/A/FaceCore
0x0000000023fb6000 	/System/Library/Frameworks/OpenCL.framework/Versions/A/OpenCL
0x0000000023fb6000 	/usr/lib/libcompression.dylib
0x0000000023fb6000 	/System/Library/Frameworks/ApplicationServices.framework/Versions/A/Frameworks/ATS.framework/Versions/A/Resources/libFontParser.dylib
0x0000000023fb6000 	/System/Library/Frameworks/ApplicationServices.framework/Versions/A/Frameworks/ATS.framework/Versions/A/Resources/libFontRegistry.dylib
0x0000000023fb6000 	/System/Library/Frameworks/ImageIO.framework/Versions/A/Resources/libJPEG.dylib
0x0000000023fb6000 	/System/Library/Frameworks/ImageIO.framework/Versions/A/Resources/libTIFF.dylib
0x0000000023fb6000 	/System/Library/Frameworks/ImageIO.framework/Versions/A/Resources/libPng.dylib
0x0000000023fb6000 	/System/Library/Frameworks/ImageIO.framework/Versions/A/Resources/libGIF.dylib
0x0000000023fb6000 	/System/Library/Frameworks/ImageIO.framework/Versions/A/Resources/libJP2.dylib
0x0000000023fb6000 	/System/Library/Frameworks/ImageIO.framework/Versions/A/Resources/libRadiance.dylib
0x0000000023fb6000 	/System/Library/PrivateFrameworks/AppleJPEG.framework/Versions/A/AppleJPEG
0x0000000023fb6000 	/System/Library/PrivateFrameworks/MetalTools.framework/Versions/A/MetalTools
0x0000000023fb6000 	/System/Library/Frameworks/MetalPerformanceShaders.framework/Frameworks/MPSCore.framework/Versions/A/MPSCore
0x0000000023fb6000 	/System/Library/Frameworks/MetalPerformanceShaders.framework/Frameworks/MPSImage.framework/Versions/A/MPSImage
0x0000000023fb6000 	/System/Library/Frameworks/MetalPerformanceShaders.framework/Frameworks/MPSMatrix.framework/Versions/A/MPSMatrix
0x0000000023fb6000 	/System/Library/Frameworks/MetalPerformanceShaders.framework/Frameworks/MPSNeuralNetwork.framework/Versions/A/MPSNeuralNetwork
0x0000000023fb6000 	/System/Library/Frameworks/OpenGL.framework/Versions/A/Libraries/libGLU.dylib
0x0000000023fb6000 	/System/Library/Frameworks/OpenGL.framework/Versions/A/Libraries/libGFXShared.dylib
0x0000000023fb6000 	/System/Library/Frameworks/OpenGL.framework/Versions/A/Libraries/libGL.dylib
0x0000000023fb6000 	/System/Library/Frameworks/OpenGL.framework/Versions/A/Libraries/libGLImage.dylib
0x0000000023fb6000 	/System/Library/Frameworks/OpenGL.framework/Versions/A/Libraries/libCVMSPluginSupport.dylib
0x0000000023fb6000 	/System/Library/Frameworks/OpenGL.framework/Versions/A/Libraries/libCoreVMClient.dylib
0x0000000023fb6000 	/usr/lib/libcups.2.dylib
0x0000000023fb6000 	/System/Library/Frameworks/Kerberos.framework/Versions/A/Kerberos
0x0000000023fb6000 	/System/Library/Frameworks/GSS.framework/Versions/A/GSS
0x0000000023fb6000 	/usr/lib/libresolv.9.dylib
0x0000000023fb6000 	/usr/lib/libiconv.2.dylib
0x0000000023fb6000 	/System/Library/PrivateFrameworks/Heimdal.framework/Versions/A/Heimdal
0x0000000023fb6000 	/usr/lib/libheimdal-asn1.dylib
0x0000000023fb6000 	/System/Library/Frameworks/OpenDirectory.framework/Versions/A/OpenDirectory
0x0000000023fb6000 	/System/Library/PrivateFrameworks/CommonAuth.framework/Versions/A/CommonAuth
0x0000000023fb6000 	/System/Library/Frameworks/OpenDirectory.framework/Versions/A/Frameworks/CFOpenDirectory.framework/Versions/A/CFOpenDirectory
0x0000000023fb6000 	/System/Library/Frameworks/SecurityFoundation.framework/Versions/A/SecurityFoundation
0x0000000023fb6000 	/System/Library/PrivateFrameworks/APFS.framework/Versions/A/APFS
0x0000000023fb6000 	/usr/lib/libutil.dylib
0x0000000023fb6000 	/System/Library/PrivateFrameworks/AppleSauce.framework/Versions/A/AppleSauce
0x0000000023fb6000 	/System/Library/PrivateFrameworks/LinguisticData.framework/Versions/A/LinguisticData
0x0000000023fb6000 	/usr/lib/libmarisa.dylib
0x0000000023fb6000 	/System/Library/PrivateFrameworks/Lexicon.framework/Versions/A/Lexicon
0x0000000023fb6000 	/usr/lib/libChineseTokenizer.dylib
0x0000000023fb6000 	/usr/lib/libcmph.dylib
0x0000000023fb6000 	/System/Library/PrivateFrameworks/LanguageModeling.framework/Versions/A/LanguageModeling
0x0000000023fb6000 	/System/Library/PrivateFrameworks/CoreEmoji.framework/Versions/A/CoreEmoji
0x0000000023fb6000 	/System/Library/Frameworks/ServiceManagement.framework/Versions/A/ServiceManagement
0x0000000023fb6000 	/System/Library/PrivateFrameworks/BackgroundTaskManagement.framework/Versions/A/BackgroundTaskManagement
0x0000000023fb6000 	/usr/lib/libxslt.1.dylib
0x0000000023fb6000 	/System/Library/Frameworks/Carbon.framework/Versions/A/Frameworks/Ink.framework/Versions/A/Ink
0x0000000023fb6000 	/System/Library/PrivateFrameworks/TextureIO.framework/Versions/A/TextureIO
0x0000000023fb6000 	/usr/lib/libate.dylib
0x0000000023fb6000 	/System/Library/PrivateFrameworks/CrashReporterSupport.framework/Versions/A/CrashReporterSupport
0x0000000023fb6000 	/System/Library/PrivateFrameworks/Sharing.framework/Versions/A/Sharing
0x0000000023fb6000 	/System/Library/PrivateFrameworks/IconServices.framework/Versions/A/IconServices
0x0000000023fb6000 	/System/Library/PrivateFrameworks/ProtocolBuffer.framework/Versions/A/ProtocolBuffer
0x0000000023fb6000 	/System/Library/PrivateFrameworks/Apple80211.framework/Versions/A/Apple80211
0x0000000023fb6000 	/System/Library/Frameworks/CoreWLAN.framework/Versions/A/CoreWLAN
0x0000000023fb6000 	/System/Library/PrivateFrameworks/CoreUtils.framework/Versions/A/CoreUtils
0x0000000023fb6000 	/System/Library/Frameworks/IOBluetooth.framework/Versions/A/IOBluetooth
0x0000000023fb6000 	/System/Library/PrivateFrameworks/CoreWiFi.framework/Versions/A/CoreWiFi
0x0000000023fb6000 	/System/Library/Frameworks/CoreBluetooth.framework/Versions/A/CoreBluetooth
0x0000000023fb6000 	/System/Library/PrivateFrameworks/SignpostNotification.framework/Versions/A/SignpostNotification
0x0000000023fb6000 	/System/Library/PrivateFrameworks/DebugSymbols.framework/Versions/A/DebugSymbols
0x0000000023fb6000 	/System/Library/PrivateFrameworks/CoreSymbolication.framework/Versions/A/CoreSymbolication
0x0000000023fb6000 	/System/Library/PrivateFrameworks/Symbolication.framework/Versions/A/Symbolication
0x0000000023fb6000 	/System/Library/PrivateFrameworks/AppleFSCompression.framework/Versions/A/AppleFSCompression
0x0000000023fb6000 	/System/Library/PrivateFrameworks/SpeechRecognitionCore.framework/Versions/A/SpeechRecognitionCore
0x0000000110200000 	/Library/Java/JavaVirtualMachines/jdk1.8.0_152.jdk/Contents/Home/jre/lib/server/libjvm.dylib
0x0000000023fb6000 	/usr/lib/libstdc++.6.0.9.dylib
0x000000010f176000 	/Library/Java/JavaVirtualMachines/jdk1.8.0_152.jdk/Contents/Home/jre/lib/libverify.dylib
0x000000010f184000 	/Library/Java/JavaVirtualMachines/jdk1.8.0_152.jdk/Contents/Home/jre/lib/libjava.dylib
0x00000001111b4000 	/Library/Java/JavaVirtualMachines/jdk1.8.0_152.jdk/Contents/Home/jre/lib/libzip.dylib
0x000000012dd40000 	/Library/Java/JavaVirtualMachines/jdk1.8.0_152.jdk/Contents/Home/jre/lib/libnio.dylib
0x000000012dd50000 	/Library/Java/JavaVirtualMachines/jdk1.8.0_152.jdk/Contents/Home/jre/lib/./libnet.dylib
0x000000012ddaf000 	/Library/Java/JavaVirtualMachines/jdk1.8.0_152.jdk/Contents/Home/jre/lib/libsunec.dylib

VM Arguments:
java_command: /Users/macbook/Documents/instagramToElastic/files/instagram-data.jar undefined 4
java_class_path (initial): /Users/macbook/Documents/instagramToElastic/files/instagram-data.jar
Launcher Type: SUN_STANDARD

Environment Variables:
PATH=Users/macbook/Documents/anaconda/bin:/usr/local/share/python:/usr/local/bin:/usr/bin:/bin:/usr/sbin:/sbin:Users/macbook/Documents/anaconda/bin:/usr/local/share/python
SHELL=/bin/zsh

Signal Handlers:
SIGSEGV: [libjvm.dylib+0x5b494d], sa_mask[0]=11111111011111110111111111111111, sa_flags=SA_ONSTACK|SA_RESTART|SA_SIGINFO
SIGBUS: [libjvm.dylib+0x5b494d], sa_mask[0]=11111111011111110111111111111111, sa_flags=SA_RESTART|SA_SIGINFO
SIGFPE: [libjvm.dylib+0x48ab54], sa_mask[0]=11111111011111110111111111111111, sa_flags=SA_RESTART|SA_SIGINFO
SIGPIPE: [libjvm.dylib+0x48ab54], sa_mask[0]=11111111011111110111111111111111, sa_flags=SA_RESTART|SA_SIGINFO
SIGXFSZ: [libjvm.dylib+0x48ab54], sa_mask[0]=11111111011111110111111111111111, sa_flags=SA_RESTART|SA_SIGINFO
SIGILL: [libjvm.dylib+0x48ab54], sa_mask[0]=11111111011111110111111111111111, sa_flags=SA_RESTART|SA_SIGINFO
SIGUSR1: SIG_DFL, sa_mask[0]=00000000000000000000000000000000, sa_flags=SA_RESTART
SIGUSR2: [libjvm.dylib+0x48a672], sa_mask[0]=00000000000000000000000000000000, sa_flags=SA_RESTART|SA_SIGINFO
SIGHUP: [libjvm.dylib+0x488c49], sa_mask[0]=11111111011111110111111111111111, sa_flags=SA_RESTART|SA_SIGINFO
SIGINT: [libjvm.dylib+0x488c49], sa_mask[0]=11111111011111110111111111111111, sa_flags=SA_RESTART|SA_SIGINFO
SIGTERM: [libjvm.dylib+0x488c49], sa_mask[0]=11111111011111110111111111111111, sa_flags=SA_RESTART|SA_SIGINFO
SIGQUIT: [libjvm.dylib+0x488c49], sa_mask[0]=11111111011111110111111111111111, sa_flags=SA_RESTART|SA_SIGINFO


---------------  S Y S T E M  ---------------

OS:Bsduname:Darwin 17.3.0 Darwin Kernel Version 17.3.0: Thu Nov  9 18:09:22 PST 2017; root:xnu-4570.31.3~1/RELEASE_X86_64 x86_64
rlimit: STACK 8192k, CORE 0k, NPROC 1418, NOFILE 10240, AS infinity
load average:2.59 2.30 2.15

CPU:total 8 (initial active 8) (4 cores per cpu, 2 threads per core) family 6 model 94 stepping 3, cmov, cx8, fxsr, mmx, sse, sse2, sse3, ssse3, sse4.1, sse4.2, popcnt, avx, avx2, aes, clmul, erms, rtm, 3dnowpref, lzcnt, ht, tsc, tscinvbit, bmi1, bmi2, adx

Memory: 4k page, physical 16777216k(513620k free)

/proc/meminfo:


vm_info: Java HotSpot(TM) 64-Bit Server VM (25.152-b16) for bsd-amd64 JRE (1.8.0_152-b16), built on Sep 14 2017 02:31:13 by "java_re" with gcc 4.2.1 (Based on Apple Inc. build 5658) (LLVM build 2336.11.00)

time: Thu Dec 28 00:07:50 2017
elapsed time: 1 seconds (0d 0h 0m 1s)

